<?xml version="1.0" encoding="UTF-8"?>
<testng-results skipped="0" failed="2" ignored="0" total="2" passed="0">
  <reporter-output>
  </reporter-output>
  <suite name="Default suite" duration-ms="177140" started-at="2022-11-22T12:46:14 IST" finished-at="2022-11-22T12:49:11 IST">
    <groups>
      <group name="cucumber">
        <method signature="AbstractTestNGCucumberTests.runScenario(io.cucumber.testng.PickleWrapper,io.cucumber.testng.FeatureWrapper)[pri:0, instance:com.learncucumber.testrunner.TestRunner@727803de]" name="runScenario" class="io.cucumber.testng.AbstractTestNGCucumberTests"/>
      </group> <!-- cucumber -->
    </groups>
    <test name="Default test" duration-ms="177140" started-at="2022-11-22T12:46:14 IST" finished-at="2022-11-22T12:49:11 IST">
      <class name="com.learncucumber.testrunner.TestRunner">
        <test-method status="PASS" signature="setUpClass()[pri:0, instance:com.learncucumber.testrunner.TestRunner@727803de]" name="setUpClass" is-config="true" duration-ms="1144" started-at="2022-11-22T12:46:15 IST" finished-at="2022-11-22T12:46:16 IST">
          <reporter-output>
          </reporter-output>
        </test-method> <!-- setUpClass -->
        <test-method status="FAIL" signature="runScenario(io.cucumber.testng.PickleWrapper,io.cucumber.testng.FeatureWrapper)[pri:0, instance:com.learncucumber.testrunner.TestRunner@727803de]" name="runScenario" duration-ms="49041" started-at="2022-11-22T12:46:16 IST" description="Runs Cucumber Scenarios" data-provider="scenarios" finished-at="2022-11-22T12:47:05 IST">
          <params>
            <param index="0">
              <value>
                <![CDATA["Validate if 'Explore Plus' option is visible in home page"]]>
              </value>
            </param>
            <param index="1">
              <value>
                <![CDATA["Optional[Explore Plus functionality]"]]>
              </value>
            </param>
          </params>
          <exception class="java.lang.NullPointerException">
            <full-stacktrace>
              <![CDATA[java.lang.NullPointerException
at com.learncucumber.stepdefinition.BaseClass_withCucumber.tearDown(BaseClass_withCucumber.java:32)
]]>
            </full-stacktrace>
          </exception> <!-- java.lang.NullPointerException -->
          <reporter-output>
          </reporter-output>
        </test-method> <!-- runScenario -->
        <test-method status="FAIL" signature="runScenario(io.cucumber.testng.PickleWrapper,io.cucumber.testng.FeatureWrapper)[pri:0, instance:com.learncucumber.testrunner.TestRunner@727803de]" name="runScenario" duration-ms="125531" started-at="2022-11-22T12:47:05 IST" description="Runs Cucumber Scenarios" data-provider="scenarios" finished-at="2022-11-22T12:49:11 IST">
          <params>
            <param index="0">
              <value>
                <![CDATA["Verify if the user can Complete end to end ordering process"]]>
              </value>
            </param>
            <param index="1">
              <value>
                <![CDATA["Optional[Components of home page are working fine]"]]>
              </value>
            </param>
          </params>
          <exception class="java.lang.NullPointerException">
            <full-stacktrace>
              <![CDATA[java.lang.NullPointerException
at com.learncucumber.stepdefinition.BaseClass_withCucumber.tearDown(BaseClass_withCucumber.java:32)
]]>
            </full-stacktrace>
          </exception> <!-- java.lang.NullPointerException -->
          <reporter-output>
          </reporter-output>
        </test-method> <!-- runScenario -->
        <test-method status="PASS" signature="tearDownClass()[pri:0, instance:com.learncucumber.testrunner.TestRunner@727803de]" name="tearDownClass" is-config="true" duration-ms="93" started-at="2022-11-22T12:49:11 IST" finished-at="2022-11-22T12:49:11 IST">
          <reporter-output>
          </reporter-output>
        </test-method> <!-- tearDownClass -->
      </class> <!-- com.learncucumber.testrunner.TestRunner -->
    </test> <!-- Default test -->
  </suite> <!-- Default suite -->
</testng-results>
