<?xml version="1.0" encoding="UTF-8"?>
<!-- Generated by org.testng.reporters.JUnitXMLReporter -->
<testsuite hostname="LAPTOP-HID1OCBH" ignored="0" name="Test" tests="5" failures="0" timestamp="2022-08-25T13:14:33 IST" time="125.552" errors="0">
  <testcase name="i_am_logged_in_to_flipkart" time="11.914" classname="com.learncucumber.stepdefinition.Step_definition_6"/>
  <testcase name="i_will_be_able_to_view_and_click_on_all_the_categories_of_product" time="17.064" classname="com.learncucumber.stepdefinition.Step_definition_6"/>
  <testcase name="i_am_in_my_home_page_and_i_searched_a_product" time="0.608" classname="com.learncucumber.stepdefinition.Step_definition_7"/>
  <testcase name="i_click_on_the_desired_product" time="42.843" classname="com.learncucumber.stepdefinition.Step_definition_7"/>
  <testcase name="i_can_click_on_add_to_cart_button" time="13.601" classname="com.learncucumber.stepdefinition.Step_definition_7"/>
</testsuite> <!-- Test -->
