<?xml version="1.0" encoding="UTF-8"?>
<!-- Generated by org.testng.reporters.JUnitXMLReporter -->
<testsuite hostname="LAPTOP-HID1OCBH" ignored="0" name="Test" tests="12" failures="0" timestamp="2022-09-05T13:43:00 IST" time="236.791" errors="0">
  <testcase name="i_get_logged_in_successfully_with_username_and_password" time="1.327" classname="com.learncucumber.stepdefinition.Step_definition_4"/>
  <testcase name="i_can_verify_all_the_links_in_home_page_if_anything_is_broken" time="11.68" classname="com.learncucumber.stepdefinition.Step_definition_4"/>
  <testcase name="ishould_be_able_to_search_for_products" time="42.683" classname="com.learncucumber.stepdefinition.Step_definition_4"/>
  <testcase name="i_should_be_able_to_sort_the_products" time="11.234" classname="com.learncucumber.stepdefinition.Step_definition_4"/>
  <testcase name="i_am_logged_in_to_flipkart" time="11.161" classname="com.learncucumber.stepdefinition.Step_definition_6"/>
  <testcase name="i_will_be_able_to_view_and_click_on_all_the_categories_of_product" time="21.994" classname="com.learncucumber.stepdefinition.Step_definition_6"/>
  <testcase name="i_am_in_my_home_page_and_i_searched_a_product" time="0.986" classname="com.learncucumber.stepdefinition.Step_definition_7"/>
  <testcase name="i_click_on_the_desired_product" time="70.754" classname="com.learncucumber.stepdefinition.Step_definition_7"/>
  <testcase name="i_can_click_on_add_to_cart_button" time="6.322" classname="com.learncucumber.stepdefinition.Step_definition_7"/>
  <testcase name="i_open_flipkart" time="0.975" classname="com.learncucumber.stepdefinition.Step_definition_8"/>
  <testcase name="i_search_a_product" time="5.734" classname="com.learncucumber.stepdefinition.Step_definition_8"/>
  <testcase name="i_should_be_able_to_fetch_brand_and_price" time="6.642" classname="com.learncucumber.stepdefinition.Step_definition_8"/>
</testsuite> <!-- Test -->
