<?xml version="1.0" encoding="UTF-8"?>
<!-- Generated by org.testng.reporters.JUnitXMLReporter -->
<testsuite hostname="LAPTOP-HID1OCBH" ignored="0" name="Default test" tests="2" failures="2" timestamp="2022-11-02T13:40:25 IST" time="122.38" errors="0">
  <testcase name="runScenario" time="65.837" classname="io.cucumber.testng.AbstractTestNGCucumberTests">
    <failure type="java.lang.NullPointerException">
      <![CDATA[java.lang.NullPointerException
at com.learncucumber.stepdefinition.Step_definition_6.i_am_logged_in_to_flipkart(Step_definition_6.java:39)
at ✽.I am logged in to flipkart(file:///C:/Users/soumesh/git/Ecommerce_Cucymber_Project/com.learncucumber/Features/e_commerce_flipKartPlus_option.feature:3)
]]>
    </failure>
  </testcase> <!-- runScenario -->
  <testcase name="runScenario" time="54.503" classname="io.cucumber.testng.AbstractTestNGCucumberTests">
    <failure type="java.io.FileNotFoundException" message="C:\Users\soumesh\git\Ecommerce_Cucymber_Project\com.learncucumber\Reports\Report_Excel.xlsx (The process cannot access the file because it is being used by another process)">
      <![CDATA[java.io.FileNotFoundException: C:\Users\soumesh\git\Ecommerce_Cucymber_Project\com.learncucumber\Reports\Report_Excel.xlsx (The process cannot access the file because it is being used by another process)
at java.io.FileOutputStream.open0(Native Method)
at java.io.FileOutputStream.open(FileOutputStream.java:270)
at java.io.FileOutputStream.<init>(FileOutputStream.java:213)
at java.io.FileOutputStream.<init>(FileOutputStream.java:101)
at com.learncucumber.utility.Helper.newcell(Helper.java:32)
at com.learncucumber.stepdefinition.Step_definition_8.i_open_flipkart(Step_definition_8.java:79)
at ✽.I open flipkart(file:///C:/Users/soumesh/git/Ecommerce_Cucymber_Project/com.learncucumber/Features/e_commerce_homepage.feature:18)
]]>
    </failure>
  </testcase> <!-- runScenario -->
</testsuite> <!-- Default test -->
