<?xml version="1.0" encoding="UTF-8"?>
<!-- Generated by org.testng.reporters.JUnitXMLReporter -->
<testsuite hostname="LAPTOP-HID1OCBH" ignored="0" name="Default test" tests="3" failures="0" timestamp="2022-08-24T14:00:51 IST" time="68.679" errors="0">
  <testcase name="i_am_in_my_home_page_and_i_searched_a_product" time="15.028" classname="com.learncucumber.stepdefinition.Step_definition_7"/>
  <testcase name="i_can_click_on_add_to_cart_button" time="0.159" classname="com.learncucumber.stepdefinition.Step_definition_7"/>
  <testcase name="i_click_on_the_desired_product" time="52.146" classname="com.learncucumber.stepdefinition.Step_definition_7"/>
</testsuite> <!-- Default test -->
